build/app/outputs/mapping/release/seeds.txt
com.myurtbilir.portfolio_app.MainActivity
com.myurtbilir.portfolio_app.MainActivity: MainActivity()
...
io.flutter.embedding.engine.FlutterJNI: io.flutter.embedding.engine.dart.PlatformMessageHandler platformMessageHandler
io.flutter.plugin.editing.ImeSyncDeferringInsetsCallback: int overlayInsetTypes
io.flutter.view.AccessibilityViewEmbedder: java.util.Map embeddedViewToDisplayBounds
io.flutter.view.AccessibilityViewEmbedder: void setFlutterNodesTranslateBounds(android.view.accessibility.AccessibilityNodeInfo,android.graphics.Rect,android.view.accessibility.AccessibilityNodeInfo)
io.flutter.embedding.engine.FlutterJNI: void nativeSurfaceCreated(long,android.view.Surface)
io.flutter.embedding.engine.FlutterJNI: void onDisplayPlatformView(int,int,int,int,int,int,int,io.flutter.embedding.engine.mutatorsstack.FlutterMutatorsStack)
io.flutter.embedding.engine.FlutterJNI: io.flutter.embedding.engine.FlutterJNI$AccessibilityDelegate accessibilityDelegate
io.flutter.embedding.engine.mutatorsstack.FlutterMutatorsStack: java.util.List finalClippingPaths
io.flutter.view.AccessibilityBridge$AccessibilityFeature: io.flutter.view.AccessibilityBridge$AccessibilityFeature[] values()
io.flutter.plugin.editing.ImeSyncDeferringInsetsCallback: io.flutter.plugin.editing.ImeSyncDeferringInsetsCallback$InsetsListener insetsListener
io.flutter.plugin.editing.ImeSyncDeferringInsetsCallback$AnimationCallback: ImeSyncDeferringInsetsCallback$AnimationCallback(io.flutter.plugin.editing.ImeSyncDeferringInsetsCallback)
io.flutter.view.AccessibilityViewEmbedder: void setFlutterNodeParent(android.view.accessibility.AccessibilityNodeInfo,android.view.View,android.view.accessibility.AccessibilityNodeInfo)
io.flutter.view.AccessibilityViewEmbedder: AccessibilityViewEmbedder(android.view.View,int)
io.flutter.embedding.engine.FlutterJNI: java.util.Set flutterUiDisplayListeners
io.flutter.embedding.engine.FlutterJNI: void onRenderingStopped()
io.flutter.view.AccessibilityViewEmbedder: android.view.View rootAccessibilityView
io.flutter.view.FlutterCallbackInformation: java.lang.String callbackName
androidx.lifecycle.LiveData$LifecycleBoundObserver
io.flutter.plugin.editing.ImeSyncDeferringInsetsCallback: io.flutter.plugin.editing.ImeSyncDeferringInsetsCallback$AnimationCallback animationCallback
android.support.v4.graphics.drawable.IconCompatParcelizer: void write(androidx.core.graphics.drawable.IconCompat,androidx.versionedparcelable.VersionedParcel)
androidx.core.app.RemoteActionCompatParcelizer
io.flutter.plugin.platform.SingleViewPresentation: void onCreate(android.os.Bundle)
io.flutter.embedding.engine.systemchannels.SettingsChannel$PlatformBrightness: io.flutter.embedding.engine.systemchannels.SettingsChannel$PlatformBrightness[] values()
io.flutter.embedding.engine.FlutterJNI: long performNativeAttach(io.flutter.embedding.engine.FlutterJNI,boolean)
androidx.lifecycle.Lifecycle$Event: androidx.lifecycle.Lifecycle$Event ON_STOP
io.flutter.plugin.editing.ImeSyncDeferringInsetsCallback: ImeSyncDeferringInsetsCallback(android.view.View,int,int)
io.flutter.plugin.editing.TextInputPlugin$InputTarget$Type: io.flutter.plugin.editing.TextInputPlugin$InputTarget$Type valueOf(java.lang.String)
io.flutter.embedding.engine.FlutterJNI: void setAccessibilityFeatures(int)
io.flutter.embedding.android.FlutterSplashView$SavedState: android.os.Parcelable$Creator CREATOR
androidx.fragment.app.Fragment$2
io.flutter.embedding.android.FlutterSplashView$SavedState: void writeToParcel(android.os.Parcel,int)
io.flutter.plugin.platform.SingleViewPresentation: io.flutter.plugin.platform.SingleViewPresentation$AccessibilityDelegatingFrameLayout rootView
io.flutter.embedding.engine.FlutterJNI: void nativePrefetchDefaultFontManager()
io.flutter.embedding.engine.FlutterJNI: void dispatchSemanticsAction(int,int,java.nio.ByteBuffer,int)
androidx.core.graphics.drawable.IconCompatParcelizer: androidx.core.graphics.drawable.IconCompat read(androidx.versionedparcelable.VersionedParcel)
io.flutter.embedding.engine.FlutterJNI: io.flutter.embedding.engine.FlutterOverlaySurface createOverlaySurface()