build/app/outputs/mapping/release/mapping.txt
# compiler: R8
# compiler_version: 2.1.62
# min_api: 16
# pg_map_id: fed3632
# common_typos_disable
...
io.flutter.plugin.platform.PlatformPlugin$1 -> io.flutter.plugin.platform.d$a:
    io.flutter.plugin.platform.PlatformPlugin this$0 -> a
    void popSystemNavigator() -> c
    void setPreferredOrientations(int) -> d
    void setApplicationSwitcherDescription(io.flutter.embedding.engine.systemchannels.PlatformChannel$AppSwitcherDescription) -> e
    void vibrateHapticFeedback(io.flutter.embedding.engine.systemchannels.PlatformChannel$HapticFeedbackType) -> f
    void showSystemOverlays(java.util.List) -> g
    void restoreSystemUiOverlays() -> h
    void setClipboardData(java.lang.String) -> i
    boolean clipboardHasStrings() -> j
    void playSystemSound(io.flutter.embedding.engine.systemchannels.PlatformChannel$SoundType) -> k
    java.lang.CharSequence getClipboardData(io.flutter.embedding.engine.systemchannels.PlatformChannel$ClipboardContentFormat) -> l
    void setSystemUiOverlayStyle(io.flutter.embedding.engine.systemchannels.PlatformChannel$SystemChromeStyle) -> m
io.flutter.plugin.platform.PlatformPlugin$2 -> io.flutter.plugin.platform.d$b:
    int[] $SwitchMap$io$flutter$embedding$engine$systemchannels$PlatformChannel$SystemUiOverlay -> b
    int[] $SwitchMap$io$flutter$embedding$engine$systemchannels$PlatformChannel$Brightness -> c
    int[] $SwitchMap$io$flutter$embedding$engine$systemchannels$PlatformChannel$HapticFeedbackType -> a
io.flutter.plugin.platform.PlatformPlugin$PlatformPluginDelegate -> io.flutter.plugin.platform.d$c:
    boolean popSystemNavigator() -> c
io.flutter.plugin.platform.PlatformView -> io.flutter.plugin.platform.e:
    void onInputConnectionUnlocked() -> a
    void onInputConnectionLocked() -> b
    void dispose() -> c
    void onFlutterViewAttached(android.view.View) -> d
    void onFlutterViewDetached() -> e
    android.view.View getView() -> f
io.flutter.plugin.platform.PlatformViewFactory -> io.flutter.plugin.platform.f:
    io.flutter.plugin.common.MessageCodec createArgsCodec -> a
    io.flutter.plugin.platform.PlatformView create(android.content.Context,int,java.lang.Object) -> a
    io.flutter.plugin.common.MessageCodec getCreateArgsCodec() -> b
io.flutter.plugin.platform.PlatformViewRegistry -> io.flutter.plugin.platform.g:
io.flutter.plugin.platform.PlatformViewRegistryImpl -> io.flutter.plugin.platform.h:
    java.util.Map viewFactories -> a
    io.flutter.plugin.platform.PlatformViewFactory getFactory(java.lang.String) -> a
io.flutter.plugin.platform.PlatformViewsAccessibilityDelegate -> io.flutter.plugin.platform.i:
    android.view.View getPlatformViewById(java.lang.Integer) -> a
    boolean usesVirtualDisplay(java.lang.Integer) -> b
    void attachAccessibilityBridge(io.flutter.view.AccessibilityBridge) -> c
    void detachAccessibiltyBridge() -> d