build/app/outputs/mapping/release/usage.txt
com.myurtbilir.portfolio_app.R$string
com.myurtbilir.portfolio_app.R$drawable
com.myurtbilir.portfolio_app.R$style
com.myurtbilir.portfolio_app.R$color
com.myurtbilir.portfolio_app.R$styleable
com.myurtbilir.portfolio_app.R$layout
com.myurtbilir.portfolio_app.R$id
com.myurtbilir.portfolio_app.R$dimen
com.myurtbilir.portfolio_app.R$attr
com.myurtbilir.portfolio_app.BuildConfig
com.myurtbilir.portfolio_app.R$integer
com.myurtbilir.portfolio_app.R
com.myurtbilir.portfolio_app.R$mipmap
...
com.google.common.collect.Multisets$ViewMultiset
io.flutter.plugins.androidintent.R$layout
com.google.common.eventbus.AllowConcurrentEvents
com.google.common.graph.ImmutableNetwork$Builder
com.google.common.hash.LongAddables$2
com.google.common.graph.Graphs$TransposedNetwork
androidx.fragment.app.FragmentTransitionImpl$3
org.intellij.lang.annotations.JdkConstants$HorizontalAlignment
androidx.core.widget.NestedScrollView$SavedState
com.google.common.collect.Maps$12
androidx.annotation.RequiresFeature
com.google.common.collect.AbstractMultimap$Entries
androidx.core.os.ParcelCompat
androidx.core.view.ViewPropertyAnimatorUpdateListener
com.google.common.base.Splitter$Strategy
kotlin.jvm.internal.MutablePropertyReference2
androidx.customview.widget.ViewDragHelper$Callback
com.google.common.collect.EnumMultiset$2
com.google.common.hash.ChecksumHashFunction
androidx.core.R$id
com.google.common.collect.ForwardingSortedMap
com.google.common.collect.SingletonImmutableSet
androidx.fragment.app.BackStackState
com.google.common.collect.LinkedListMultimap$1ValuesImpl
com.google.common.collect.ImmutableMultimap$FieldSettersHolder
androidx.viewpager.widget.PagerTabStrip$1
androidx.core.content.PermissionChecker$PermissionResult
com.google.common.escape.Platform$1
androidx.customview.R$drawable
com.google.common.graph.EndpointPair
androidx.core.view.WindowCompat
androidx.core.util.Supplier
com.google.common.base.CharMatcher$FastMatcher
com.google.errorprone.annotations.OverridingMethodsMustInvokeSuper
com.google.common.collect.Cut$BelowAll
com.google.common.collect.TreeMultiset$Aggregate$1
com.google.common.primitives.Chars$LexicographicalComparator
com.google.common.hash.Murmur3_32HashFunction$Murmur3_32Hasher
kotlin.jvm.internal.Reflection
io.flutter.plugins.pathprovider.R$styleable
com.google.common.net.HttpHeaders
androidx.fragment.R
kotlin.collections.ArraysKt___ArraysJvmKt$asList$2
com.google.common.reflect.TypeToken$4
kotlin.collections.ArraysKt__ArraysKt
com.google.common.io.Files$2
io.flutter.embedding.engine.systemchannels.LifecycleChannel:
    private static final java.lang.String TAG
com.google.common.collect.StandardTable$ColumnKeyIterator
com.google.common.graph.DirectedMultiNetworkConnections
org.jetbrains.annotations.NonNls
com.google.common.primitives.Longs$LongConverter
kotlin.text.FlagEnum
androidx.core.content.SharedPreferencesCompat$EditorCompat$Helper
com.google.common.cache.AbstractCache
com.google.common.collect.Collections2$FilteredCollection
androidx.core.view.DragStartHelper$1
kotlin.coroutines.SafeContinuation
com.google.common.collect.MinMaxPriorityQueue$Builder
com.google.common.collect.ComparisonChain$1
com.google.common.collect.Maps$SortedAsMapView
com.google.common.collect.Synchronized
kotlin.io.FileSystemException
kotlin.jvm.internal.ByteCompanionObject
com.google.common.hash.Funnels$StringCharsetFunnel
kotlin.random.PlatformRandomKt
com.google.common.graph.DirectedGraphConnections$1
com.google.j2objc.annotations.ReflectionSupport
com.google.common.cache.RemovalListeners$1$1
com.google.common.util.concurrent.ImmediateFuture
kotlin.text.TypeAliasesKt
com.google.common.cache.ForwardingCache
com.google.common.collect.AbstractMapBasedMultimap$Itr
com.google.common.collect.RegularImmutableTable
kotlin.time.MonoClock
com.google.common.collect.BiMap
com.google.common.collect.ImmutableMap$MapViewOfValuesAsSingletonSets$1
kotlin.sequences.SequencesKt__SequencesJVMKt
androidx.customview.widget.FocusStrategy
androidx.fragment.app.Fragment$4
com.google.common.hash.SipHashFunction
io.flutter.embedding.android.AndroidTouchProcessor:
    private static final int POINTER_DATA_FIELD_COUNT
    private static final int BYTES_PER_FIELD
    private static final int POINTER_DATA_FLAG_BATCHED
    private static final int _POINTER_BUTTON_PRIMARY
androidx.core.provider.FontsContractCompat$FontFamilyResult
kotlin.Deprecated
io.flutter.plugin.platform.PlatformViewFactory:
    public void <init>(io.flutter.plugin.common.MessageCodec)